2019.06.18.12.13.59 [info] Executing select a.id, a.how_decide, a.overall, a.frustration_why, a.trust_why, a.recommend_why, c.perf_why from exp_openq as a inner join exp_demographics as b on a.id = b.id inner join exp_perf as c on c.id = b.id where b.pilot is not true and b.dq is not true
2019.06.25.12.13.41 [info] Executing select a.id, a.how_decide, a.overall, a.frustration_why, a.trust_why, a.recommend_why, c.perf_why from exp_openq as a inner join exp_demographics as b on a.id = b.id inner join exp_perf as c on c.id = b.id where b.pilot is not true and b.dq is not true
2019.06.25.16.07.43 [info] Executing select a.condition as condition, b.email as email, b.chosen as chosen from exp_demographics as a inner join exp_email as b on a.id = b.id where a.pilot is not true
2019.06.25.16.19.14 [info] Executing select a.condition as condition, b.email as email, b.chosen as chosen from exp_demographics as a inner join exp_email as b on a.id = b.id where a.pilot is not true
2019.06.25.16.21.32 [info] Executing select a.condition as condition, b.email as email, b.chosen as chosen from exp_demographics as a inner join exp_email as b on a.id = b.id where a.pilot is not true
2019.06.25.16.22.51 [info] Executing select a.condition as condition, b.email as email, b.chosen as chosen from exp_demographics as a inner join exp_email as b on a.id = b.id where a.pilot is not true
2019.06.25.16.27.39 [info] Executing select a.condition as condition, b.email as email, b.chosen as chosen from exp_demographics as a inner join exp_email as b on a.id = b.id where a.pilot is not true
2019.06.25.16.49.06 [info] Executing select a.condition as condition, b.email as email, b.chosen as chosen from exp_demographics as a inner join exp_email as b on a.id = b.id where a.pilot is not true
2019.06.25.16.49.29 [info] Executing select a.condition as condition, b.email as email, b.chosen as chosen from exp_demographics as a inner join exp_email as b on a.id = b.id where a.pilot is not true
2019.06.25.16.50.51 [info] Executing select a.condition as condition, b.email as email, b.chosen as chosen from exp_demographics as a inner join exp_email as b on a.id = b.id where a.pilot is not true
2019.06.25.16.52.27 [info] Executing select a.condition as condition, b.email as email, b.chosen as chosen from exp_demographics as a inner join exp_email as b on a.id = b.id where a.pilot is not true
2019.06.25.16.54.16 [info] Executing select a.condition as condition, b.email as email, b.chosen as chosen from exp_demographics as a inner join exp_email as b on a.id = b.id where a.pilot is not true
2019.06.25.16.54.37 [info] Executing select a.condition as condition, b.email as email, b.chosen as chosen from exp_demographics as a inner join exp_email as b on a.id = b.id where a.pilot is not true
2019.06.25.16.56.15 [info] Executing select a.condition as condition, b.email as email, b.chosen as chosen from exp_demographics as a inner join exp_email as b on a.id = b.id where a.pilot is not true
2019.06.25.16.56.54 [info] Executing select a.condition as condition, b.email as email, b.chosen as chosen from exp_demographics as a inner join exp_email as b on a.id = b.id where a.pilot is not true
2019.06.25.16.57.56 [info] Executing select a.condition as condition, b.email as email, b.chosen as chosen from exp_demographics as a inner join exp_email as b on a.id = b.id where a.pilot is not true
2019.06.25.16.58.25 [info] Executing select a.condition as condition, b.email as email, b.chosen as chosen from exp_demographics as a inner join exp_email as b on a.id = b.id where a.pilot is not true
2019.06.25.16.58.48 [info] Executing select a.condition as condition, b.email as email, b.chosen as chosen from exp_demographics as a inner join exp_email as b on a.id = b.id where a.pilot is not true
2019.06.25.16.59.26 [info] Executing select a.condition as condition, b.email as email, b.chosen as chosen from exp_demographics as a inner join exp_email as b on a.id = b.id where a.pilot is not true
2019.06.25.16.59.52 [info] Executing select a.condition as condition, b.email as email, b.chosen as chosen from exp_demographics as a inner join exp_email as b on a.id = b.id where a.pilot is not true
2019.06.25.17.03.00 [info] Executing select a.condition as condition, b.email as email, b.chosen as chosen from exp_demographics as a inner join exp_email as b on a.id = b.id where a.pilot is not true
2019.06.25.17.11.16 [info] Executing select a.condition as condition, b.email as email, b.chosen as chosen from exp_demographics as a inner join exp_email as b on a.id = b.id where a.pilot is not true
2019.06.25.17.14.35 [info] Executing select a.condition as condition, a, id. as id, b.email as email, b.chosen as chosen from exp_demographics as a inner join exp_email as b on a.id = b.id where a.pilot is not true
2019.06.25.17.14.56 [info] Executing select a.condition as condition, a.id as id, b.email as email, b.chosen as chosen from exp_demographics as a inner join exp_email as b on a.id = b.id where a.pilot is not true
2019.06.25.17.18.38 [info] Executing select a.condition as condition, b.email as email, b.chosen as chosen, b.id as id from exp_demographics as a inner join exp_email as b on a.id = b.id where a.pilot is not true
2019.06.25.17.21.43 [info] Executing select a.condition as condition, b.email as email, b.chosen as chosen, from exp_demographics as a inner join exp_email as b on a.id = b.id where a.pilot is not true
2019.06.25.17.22.02 [info] Executing select a.condition as condition, b.email as email, b.chosen as chosen from exp_demographics as a inner join exp_email as b on a.id = b.id where a.pilot is not true
2019.06.25.17.35.34 [info] Executing select a.id, a.how_decide, a.overall, a.frustration_why, a.trust_why, a.recommend_why, c.perf_why from exp_openq as a inner join exp_demographics as b on a.id = b.id inner join exp_perf as c on c.id = b.id where b.pilot is not true and b.dq is not true
2019.06.26.09.49.08 [info] Executing select a.id, a.how_decide, a.overall, a.frustration_why, a.trust_why, a.recommend_why, c.perf_why from exp_openq as a inner join exp_demographics as b on a.id = b.id inner join exp_perf as c on c.id = b.id where b.pilot is not true and b.dq is not true
2019.06.26.09.49.26 [info] Executing select a.condition as condition, b.email as email, b.chosen as chosen, b.id as id from exp_demographics as a inner join exp_email as b on a.id = b.id where a.pilot is not true
2019.06.26.09.50.31 [info] Executing select a.condition as condition, b.email as email, b.chosen as chosen, b.id as id from exp_demographics as a inner join exp_email as b on a.id = b.id where a.pilot is not true
2019.06.26.09.50.31 [info] Executing select a.condition as condition, b.email as email, b.chosen as chosen, b.id as id from exp_demographics as a inner join exp_email as b on a.id = b.id where a.pilot is not true
2019.06.26.09.51.13 [info] Executing select a.condition as condition, b.email as email, b.chosen as chosen, b.id as id from exp_demographics as a inner join exp_email as b on a.id = b.id where a.pilot is not true
2019.06.26.09.54.39 [info] Executing select a.condition as condition, b.email as email, b.chosen as chosen, b.id as id from exp_demographics as a inner join exp_email as b on a.id = b.id where a.pilot is not true
2019.06.26.09.55.58 [info] Executing select a.condition as condition, b.email as email, b.chosen as chosen, b.id as id from exp_demographics as a inner join exp_email as b on a.id = b.id where a.pilot is not true
2019.06.26.09.57.26 [info] Executing select a.condition as condition, b.email as email, b.chosen as chosen, b.id as id from exp_demographics as a inner join exp_email as b on a.id = b.id where a.pilot is not true
2019.06.26.09.59.12 [info] Executing select a.condition as condition, b.email as email, b.chosen as chosen, b.id as id from exp_demographics as a inner join exp_email as b on a.id = b.id where a.pilot is not true
2019.06.26.10.43.58 [info] Executing select a.condition as condition, b.email as email, b.chosen as chosen, b.id as id from exp_demographics as a inner join exp_email as b on a.id = b.id where a.pilot is not true
2019.06.26.10.45.16 [info] Executing select a.condition as condition, b.email as email, b.chosen as chosen, b.id as id from exp_demographics as a inner join exp_email as b on a.id = b.id where a.pilot is not true
2019.06.26.10.46.29 [info] Executing select a.condition as condition, b.email as email, b.chosen as chosen, b.id as id from exp_demographics as a inner join exp_email as b on a.id = b.id where a.pilot is not true
2019.06.26.10.47.12 [info] Executing select a.condition as condition, b.email as email, b.chosen as chosen, b.id as id from exp_demographics as a inner join exp_email as b on a.id = b.id where a.pilot is not true
2019.06.26.10.57.56 [info] Executing select a.condition as condition, b.email as email, b.chosen as chosen, b.id as id from exp_demographics as a inner join exp_email as b on a.id = b.id where a.pilot is not true
2019.06.26.11.51.22 [info] Executing select a.condition as condition, b.email as email, b.chosen as chosen, b.id as id from exp_demographics as a inner join exp_email as b on a.id = b.id where a.pilot is not true
2019.06.26.13.48.45 [info] Executing select a.condition as condition, b.email as email, b.chosen as chosen, b.id as id from exp_demographics as a inner join exp_email as b on a.id = b.id where a.pilot is not true
2019.06.26.13.51.40 [info] Executing select a.condition as condition, b.email as email, b.chosen as chosen, b.id as id from exp_demographics as a inner join exp_email as b on a.id = b.id where a.pilot is not true
2019.06.26.13.52.12 [info] Executing select a.condition as condition, b.email as email, b.chosen as chosen, b.id as id from exp_demographics as a inner join exp_email as b on a.id = b.id where a.pilot is not true
2019.06.26.13.53.02 [info] Executing select a.condition as condition, b.email as email, b.chosen as chosen, b.id as id from exp_demographics as a inner join exp_email as b on a.id = b.id where a.pilot is not true
2019.06.26.13.54.00 [info] Executing select a.condition as condition, b.email as email, b.chosen as chosen, b.id as id from exp_demographics as a inner join exp_email as b on a.id = b.id where a.pilot is not true
2019.06.26.13.54.35 [info] Executing select a.condition as condition, b.email as email, b.chosen as chosen, b.id as id from exp_demographics as a inner join exp_email as b on a.id = b.id where a.pilot is not true
2019.06.26.13.58.46 [info] Executing select a.condition as condition, b.email as email, b.chosen as chosen, b.id as id from exp_demographics as a inner join exp_email as b on a.id = b.id where a.pilot is not true
2019.06.26.14.00.07 [info] Executing select a.condition as condition, b.email as email, b.chosen as chosen, b.id as id from exp_demographics as a inner join exp_email as b on a.id = b.id where a.pilot is not true
2019.06.26.14.02.29 [info] Executing select a.condition as condition, b.email as email, b.chosen as chosen, b.id as id from exp_demographics as a inner join exp_email as b on a.id = b.id where a.pilot is not true
2019.06.26.14.03.30 [info] Executing select a.condition as condition, b.email as email, b.chosen as chosen, b.id as id from exp_demographics as a inner join exp_email as b on a.id = b.id where a.pilot is not true
2019.06.26.14.05.51 [info] Executing select a.condition as condition, b.email as email, b.chosen as chosen, b.id as id from exp_demographics as a inner join exp_email as b on a.id = b.id where a.pilot is not true
2019.06.26.14.07.04 [info] Executing select a.condition as condition, b.email as email, b.chosen as chosen, b.id as id from exp_demographics as a inner join exp_email as b on a.id = b.id where a.pilot is not true
2019.06.26.14.07.27 [info] Executing select a.condition as condition, b.email as email, b.chosen as chosen, b.id as id from exp_demographics as a inner join exp_email as b on a.id = b.id where a.pilot is not true
2019.06.26.14.08.15 [info] Executing select a.condition as condition, b.email as email, b.chosen as chosen, b.id as id from exp_demographics as a inner join exp_email as b on a.id = b.id where a.pilot is not true
2019.06.26.14.09.14 [info] Executing select a.condition as condition, b.email as email, b.chosen as chosen, b.id as id from exp_demographics as a inner join exp_email as b on a.id = b.id where a.pilot is not true
2019.06.26.14.10.30 [info] Executing select a.condition as condition, b.email as email, b.chosen as chosen, b.id as id from exp_demographics as a inner join exp_email as b on a.id = b.id where a.pilot is not true
2019.06.26.14.11.14 [info] Executing select a.condition as condition, b.email as email, b.chosen as chosen, b.id as id from exp_demographics as a inner join exp_email as b on a.id = b.id where a.pilot is not true
2019.06.26.14.12.56 [info] Executing select a.condition as condition, b.email as email, b.chosen as chosen, b.id as id from exp_demographics as a inner join exp_email as b on a.id = b.id where a.pilot is not true
2019.06.26.14.15.14 [info] Executing select a.condition as condition, b.email as email, b.chosen as chosen, b.id as id from exp_demographics as a inner join exp_email as b on a.id = b.id where a.pilot is not true
2019.06.26.14.16.51 [info] Executing select a.condition as condition, b.email as email, b.chosen as chosen, b.id as id from exp_demographics as a inner join exp_email as b on a.id = b.id where a.pilot is not true
2019.06.26.14.21.30 [info] Executing select a.condition as condition, b.email as email, b.chosen as chosen, b.id as id from exp_demographics as a inner join exp_email as b on a.id = b.id where a.pilot is not true
2019.06.26.14.23.34 [info] Executing select a.condition as condition, b.email as email, b.chosen as chosen, b.id as id from exp_demographics as a inner join exp_email as b on a.id = b.id where a.pilot is not true
2019.06.26.14.24.13 [info] Executing select a.condition as condition, b.email as email, b.chosen as chosen, b.id as id from exp_demographics as a inner join exp_email as b on a.id = b.id where a.pilot is not true
2019.06.26.14.26.39 [info] Executing select a.condition as condition, b.email as email, b.chosen as chosen, b.id as id from exp_demographics as a inner join exp_email as b on a.id = b.id where a.pilot is not true
2019.06.26.14.27.56 [info] Executing select a.condition as condition, b.email as email, b.chosen as chosen, b.id as id from exp_demographics as a inner join exp_email as b on a.id = b.id where a.pilot is not true
2019.06.26.14.31.39 [info] Executing select a.condition as condition, b.email as email, b.chosen as chosen, b.id as id from exp_demographics as a inner join exp_email as b on a.id = b.id where a.pilot is not true
2019.06.26.14.32.15 [info] Executing select a.condition as condition, b.email as email, b.chosen as chosen, b.id as id from exp_demographics as a inner join exp_email as b on a.id = b.id where a.pilot is not true
2019.06.26.14.32.39 [info] Executing select a.condition as condition, b.email as email, b.chosen as chosen, b.id as id from exp_demographics as a inner join exp_email as b on a.id = b.id where a.pilot is not true
2019.06.26.14.33.22 [info] Executing select a.condition as condition, b.email as email, b.chosen as chosen, b.id as id from exp_demographics as a inner join exp_email as b on a.id = b.id where a.pilot is not true
2019.06.26.14.38.57 [info] Executing select a.condition as condition, b.email as email, b.chosen as chosen, b.id as id from exp_demographics as a inner join exp_email as b on a.id = b.id where a.pilot is not true
2019.06.26.14.46.59 [info] Executing select a.condition as condition, b.email as email, b.chosen as chosen, b.id as id from exp_demographics as a inner join exp_email as b on a.id = b.id where a.pilot is not true
2019.06.26.14.47.40 [info] Executing select a.condition as condition, b.email as email, b.chosen as chosen, b.id as id from exp_demographics as a inner join exp_email as b on a.id = b.id where a.pilot is not true
2019.06.26.14.49.16 [info] Executing select a.condition as condition, b.email as email, b.chosen as chosen, b.id as id from exp_demographics as a inner join exp_email as b on a.id = b.id where a.pilot is not true
2019.06.26.17.08.18 [info] Executing select a.condition as condition, b.email as email, b.chosen as chosen, b.id as id from exp_demographics as a inner join exp_email as b on a.id = b.id where a.pilot is not true
2019.06.26.17.09.20 [info] Executing select a.condition as condition, b.email as email, b.chosen as chosen, b.id as id from exp_demographics as a inner join exp_email as b on a.id = b.id where a.pilot is not true
2019.06.26.17.09.40 [info] Executing select a.condition as condition, b.email as email, b.chosen as chosen, b.id as id from exp_demographics as a inner join exp_email as b on a.id = b.id where a.pilot is not true
2019.06.26.17.10.05 [info] Executing select a.condition as condition, b.email as email, b.chosen as chosen, b.id as id from exp_demographics as a inner join exp_email as b on a.id = b.id where a.pilot is not true
2019.06.26.17.11.30 [info] Executing select a.condition as condition, b.email as email, b.chosen as chosen, b.id as id from exp_demographics as a inner join exp_email as b on a.id = b.id where a.pilot is not true
2019.06.26.17.13.23 [info] Executing select a.condition as condition, b.email as email, b.chosen as chosen, b.id as id from exp_demographics as a inner join exp_email as b on a.id = b.id where a.pilot is not true
2019.06.27.10.44.08 [info] Executing select a.condition as condition, a.id as id, b.email as email, b.entry as entry from exp_demographics as a inner join exp_log as b on a.id = b.id where a.pilot is not true
2019.06.27.10.45.42 [info] Executing select a.condition as condition, a.id as id, b.email as email, b.entry as entry from exp_demographics as a inner join exp_log as b on a.id = b.id where a.pilot is not true
2019.06.27.10.46.36 [info] Executing select a.condition as condition, a.id as id, b.email as email, b.entry as entry from exp_demographics as a inner join exp_log as b on a.id = b.id where a.pilot is not true
2019.06.27.10.47.30 [info] Executing select a.condition as condition, a.id as id, b.email as email, b.entry as entry from exp_demographics as a inner join exp_log as b on a.id = b.id where a.pilot is not true
2019.06.27.10.49.17 [info] Executing select a.condition as condition, a.id as id, b.email as email, b.entry as entry from exp_demographics as a inner join exp_log as b on a.id = b.id where a.pilot is not true
2019.06.27.10.56.41 [info] Executing select a.condition as condition, a.id as id, b.email as email, b.entry as entry from exp_demographics as a inner join exp_log as b on a.id = b.id where a.pilot is not true
2019.06.27.11.00.45 [info] Executing select a.condition as condition, a.id as id, b.email as email, b.entry as entry from exp_demographics as a inner join exp_log as b on a.id = b.id where a.pilot is not true
2019.06.27.11.02.29 [info] Executing select a.condition as condition, a.id as id, b.email as email, b.entry as entry from exp_demographics as a inner join exp_log as b on a.id = b.id where a.pilot is not true and b.dq is not true
2019.06.27.11.02.43 [info] Executing select a.condition as condition, a.id as id, b.email as email, b.entry as entry from exp_demographics as a inner join exp_log as b on a.id = b.id where a.pilot is not true and a.dq is not true
2019.06.27.11.04.21 [info] Executing select a.condition as condition, b.email as email, b.chosen as chosen, b.id as id from exp_demographics as a inner join exp_email as b on a.id = b.id where a.pilot is not true and a.dq is not true
2019.06.27.13.43.38 [info] Executing select a.condition as condition, b.email as email, b.chosen as chosen, b.id as id from exp_demographics as a inner join exp_email as b on a.id = b.id where a.pilot is not true and a.dq is not true
2019.06.27.13.46.18 [info] Executing select a.condition as condition, b.email as email, b.chosen as chosen, b.id as id from exp_demographics as a inner join exp_email as b on a.id = b.id where a.pilot is not true
2019.06.27.13.47.04 [info] Executing select a.condition as condition, b.email as email, b.chosen as chosen, b.id as id from exp_demographics as a inner join exp_email as b on a.id = b.id where a.pilot is not true and a.dq is not true
2019.06.27.13.47.36 [info] Executing select a.condition as condition, b.email as email, b.chosen as chosen, b.id as id from exp_demographics as a inner join exp_email as b on a.id = b.id where a.pilot is not true and a.dq is true
2019.06.27.14.03.53 [info] Executing select a.condition as condition, b.email as email, b.chosen as chosen, b.id as id from exp_demographics as a inner join exp_email as b on a.id = b.id where a.pilot is not true and a.dq is not true
2019.06.27.14.07.32 [info] Executing select a.condition as condition, b.email as email, b.chosen as chosen, b.id as id from exp_demographics as a inner join exp_email as b on a.id = b.id where a.pilot is not true and a.dq is not true
2019.06.27.14.12.48 [info] Executing select a.condition as condition, b.email as email, b.chosen as chosen, b.id as id from exp_demographics as a inner join exp_email as b on a.id = b.id where a.pilot is not true and a.dq is not true
2019.06.27.14.14.01 [info] Executing select a.condition as condition, b.email as email, b.chosen as chosen, b.id as id from exp_demographics as a inner join exp_email as b on a.id = b.id where a.pilot is not true and a.dq is not true
2019.06.27.14.15.16 [info] Executing select a.condition as condition, b.email as email, b.chosen as chosen, b.id as id from exp_demographics as a inner join exp_email as b on a.id = b.id where a.pilot is not true and a.dq is not true
2019.06.27.14.21.27 [info] Executing select a.condition as condition, a.id as id, b.email as email, b.entry as entry from exp_demographics as a inner join exp_log as b on a.id = b.id where a.pilot is not true and a.dq is not true
2019.06.27.14.24.06 [info] Executing select a.condition as condition, a.id as id, b.email as email, b.entry as entry from exp_demographics as a inner join exp_log as b on a.id = b.id where a.pilot is not true and a.dq is not true
2019.06.27.14.30.29 [info] Executing select a.condition as condition, a.id as id, b.email as email, b.entry as entry from exp_demographics as a inner join exp_log as b on a.id = b.id where a.pilot is not true and a.dq is not true
2019.06.27.14.31.15 [info] Executing select a.condition as condition, a.id as id, b.email as email, b.entry as entry from exp_demographics as a inner join exp_log as b on a.id = b.id where a.pilot is not true and a.dq is not true
2019.06.27.14.32.16 [info] Executing select a.condition as condition, a.id as id, b.email as email, b.entry as entry from exp_demographics as a inner join exp_log as b on a.id = b.id where a.pilot is not true and a.dq is not true
2019.06.27.15.11.46 [info] Executing select a.condition as condition, a.id as id, b.email as email, b.entry as entry from exp_demographics as a inner join exp_log as b on a.id = b.id where a.pilot is not true and a.dq is not true
2019.06.28.10.55.46 [info] Executing select a.condition as condition, b.email as email, b.chosen as chosen, b.id as id from exp_demographics as a inner join exp_email as b on a.id = b.id where a.pilot is not true and a.dq is not true
2019.06.28.10.59.32 [info] Executing select a.condition as condition, b.email as email, b.chosen as chosen, b.id as id from exp_demographics as a inner join exp_email as b on a.id = b.id where a.pilot is not true and a.dq is not true and a.created < '2019-06-01 00:00:00'
2019.06.28.13.26.32 [info] Executing select a.condition as condition, b.email as email, b.chosen as chosen, b.id as id from exp_demographics as a inner join exp_email as b on a.id = b.id where a.pilot is not true and a.dq is not true and a.created < '2019-06-01 00:00:00'
2019.06.28.13.33.46 [info] Executing select a.condition as condition, b.email as email, b.chosen as chosen, b.id as id from exp_demographics as a inner join exp_email as b on a.id = b.id where a.pilot is not true and a.dq is not true and a.created < '2019-06-01 00:00:00' and a.id != '3197d065-24c5-46eb-a06e-6b9c715bb64f'
2019.06.28.13.40.44 [info] Executing select a.condition as condition, b.email as email, b.chosen as chosen, b.id as id from exp_demographics as a inner join exp_email as b on a.id = b.id where a.pilot is not true and a.dq is not true and a.created < '2019-06-01 00:00:00' and a.id != '3197d065-24c5-46eb-a06e-6b9c715bb64f' and (a.condition = '_feature' or a.condition = '_feature_explain') and (b.mode = 'practice' or b.mode = 'train')
2019.06.28.13.47.33 [info] Executing select a.condition as condition, b.email as email, b.chosen as chosen, b.id as id, b.feedbackus as confidence from exp_demographics as a inner join exp_email as b on a.id = b.id where a.pilot is not true and a.dq is not true and a.created < '2019-06-01 00:00:00' and a.id != '3197d065-24c5-46eb-a06e-6b9c715bb64f' and (a.condition = '_feature' or a.condition = '_feature_explain') and (b.mode = 'practice' or b.mode = 'train')
2019.06.28.14.24.04 [info] Executing select a.condition as condition, b.id as id, b.email as email, b.chosen as chosen, b.feedbackus as confidence from exp_demographics as a inner join exp_email as b on a.id = b.id where a.pilot is not true and a.dq is not true and a.created < '2019-06-01 00:00:00' and a.id != '3197d065-24c5-46eb-a06e-6b9c715bb64f' and (a.condition = '_feature' or a.condition = '_feature_explain') and (b.mode = 'practice' or b.mode = 'train')
2019.06.28.14.25.43 [info] Executing select a.condition as condition, b.id as id, b.email as email, b.chosen as chosen, b.feedbackus as confidence from exp_demographics as a inner join exp_email as b on a.id = b.id where a.pilot is not true and a.dq is not true and a.created < '2019-06-01 00:00:00' and a.id != '3197d065-24c5-46eb-a06e-6b9c715bb64f' and (a.condition = '_feature' or a.condition = '_feature_explain') and (b.mode = 'practice' or b.mode = 'train')
2019.06.28.14.26.07 [info] Executing select a.condition as condition, b.id as id, b.email as email, b.chosen as chosen, b.feedbackus as confidence from exp_demographics as a inner join exp_email as b on a.id = b.id where a.pilot is not true and a.dq is not true and a.created < '2019-06-01 00:00:00' and a.id != '3197d065-24c5-46eb-a06e-6b9c715bb64f' and (a.condition = '_feature' or a.condition = '_feature_explain') and (b.mode = 'practice' or b.mode = 'train')
2019.06.28.14.31.14 [info] Executing select a.condition as condition, b.id as id, b.email as email, b.chosen as chosen, b.feedbackus as confidence from exp_demographics as a inner join exp_email as b on a.id = b.id where a.pilot is not true and a.dq is not true and a.created < '2019-06-01 00:00:00' and a.id != '3197d065-24c5-46eb-a06e-6b9c715bb64f' and (a.condition = '_feature' or a.condition = '_feature_explain') and (b.mode = 'practice' or b.mode = 'train')
2019.06.28.14.32.30 [info] Executing select a.condition as condition, b.id as id, b.email as email, b.chosen as chosen, b.feedbackus as confidence from exp_demographics as a inner join exp_email as b on a.id = b.id where a.pilot is not true and a.dq is not true and a.created < '2019-06-01 00:00:00' and a.id != '3197d065-24c5-46eb-a06e-6b9c715bb64f' and (a.condition = '_feature' or a.condition = '_feature_explain') and (b.mode = 'practice' or b.mode = 'train')
2019.06.28.14.33.43 [info] Executing select a.condition as condition, b.id as id, b.email as email, b.chosen as chosen, b.feedbackus as confidence from exp_demographics as a inner join exp_email as b on a.id = b.id where a.pilot is not true and a.dq is not true and a.created < '2019-06-01 00:00:00' and a.id != '3197d065-24c5-46eb-a06e-6b9c715bb64f' and (a.condition = '_feature' or a.condition = '_feature_explain') and (b.mode = 'practice' or b.mode = 'train')
2019.06.28.14.36.05 [info] Executing select a.condition as condition, b.id as id, b.email as email, b.chosen as chosen, b.feedbackus as confidence from exp_demographics as a inner join exp_email as b on a.id = b.id where a.pilot is not true and a.dq is not true and a.created < '2019-06-01 00:00:00' and a.id != '3197d065-24c5-46eb-a06e-6b9c715bb64f' and (a.condition = '_feature' or a.condition = '_feature_explain') and (b.mode = 'practice' or b.mode = 'train')
2019.06.28.14.39.36 [info] Executing select a.condition as condition, b.id as id, b.email as email, b.chosen as chosen, b.feedbackus as confidence from exp_demographics as a inner join exp_email as b on a.id = b.id where a.pilot is not true and a.dq is not true and a.created < '2019-06-01 00:00:00' and a.id != '3197d065-24c5-46eb-a06e-6b9c715bb64f' and (a.condition = '_feature' or a.condition = '_feature_explain') and (b.mode = 'practice' or b.mode = 'train')
2019.06.28.14.41.18 [info] Executing select a.condition as condition, b.id as id, b.email as email, b.chosen as chosen, b.feedbackus as confidence from exp_demographics as a inner join exp_email as b on a.id = b.id where a.pilot is not true and a.dq is not true and a.created < '2019-06-01 00:00:00' and a.id != '3197d065-24c5-46eb-a06e-6b9c715bb64f' and (a.condition = '_feature' or a.condition = '_feature_explain') and (b.mode = 'practice' or b.mode = 'train')
2019.06.28.14.42.21 [info] Executing select a.condition as condition, b.id as id, b.email as email, b.chosen as chosen, b.feedbackus as confidence from exp_demographics as a inner join exp_email as b on a.id = b.id where a.pilot is not true and a.dq is not true and a.created < '2019-06-01 00:00:00' and a.id != '3197d065-24c5-46eb-a06e-6b9c715bb64f' and (a.condition = '_feature' or a.condition = '_feature_explain') and (b.mode = 'practice' or b.mode = 'train')
2019.06.28.14.46.48 [info] Executing select a.condition as condition, b.id as id, b.email as email, b.chosen as chosen, b.feedbackus as confidence from exp_demographics as a inner join exp_email as b on a.id = b.id where a.pilot is not true and a.dq is not true and a.created < '2019-06-01 00:00:00' and a.id != '3197d065-24c5-46eb-a06e-6b9c715bb64f' and (a.condition = '_feature' or a.condition = '_feature_explain') and (b.mode = 'practice' or b.mode = 'train')
2019.06.28.14.47.36 [info] Executing select a.condition as condition, b.id as id, b.email as email, b.chosen as chosen, b.feedbackus as confidence from exp_demographics as a inner join exp_email as b on a.id = b.id where a.pilot is not true and a.dq is not true and a.created < '2019-06-01 00:00:00' and a.id != '3197d065-24c5-46eb-a06e-6b9c715bb64f' and (a.condition = '_feature' or a.condition = '_feature_explain') and (b.mode = 'practice' or b.mode = 'train')
2019.06.28.14.49.13 [info] Executing select a.condition as condition, b.id as id, b.email as email, b.chosen as chosen, b.feedbackus as confidence from exp_demographics as a inner join exp_email as b on a.id = b.id where a.pilot is not true and a.dq is not true and a.created < '2019-06-01 00:00:00' and a.id != '3197d065-24c5-46eb-a06e-6b9c715bb64f' and (a.condition = '_feature' or a.condition = '_feature_explain') and (b.mode = 'practice' or b.mode = 'train')
2019.06.28.14.49.42 [info] Executing select a.condition as condition, b.id as id, b.email as email, b.chosen as chosen, b.feedbackus as confidence from exp_demographics as a inner join exp_email as b on a.id = b.id where a.pilot is not true and a.dq is not true and a.created < '2019-06-01 00:00:00' and a.id != '3197d065-24c5-46eb-a06e-6b9c715bb64f' and (a.condition = '_feature' or a.condition = '_feature_explain') and (b.mode = 'practice' or b.mode = 'train')
2019.06.28.14.50.31 [info] Executing select a.condition as condition, b.id as id, b.email as email, b.chosen as chosen, b.feedbackus as confidence from exp_demographics as a inner join exp_email as b on a.id = b.id where a.pilot is not true and a.dq is not true and a.created < '2019-06-01 00:00:00' and a.id != '3197d065-24c5-46eb-a06e-6b9c715bb64f' and (a.condition = '_feature' or a.condition = '_feature_explain') and (b.mode = 'practice' or b.mode = 'train')
2019.06.28.14.52.43 [info] Executing select a.condition as condition, b.id as id, b.email as email, b.chosen as chosen, b.feedbackus as confidence from exp_demographics as a inner join exp_email as b on a.id = b.id where a.pilot is not true and a.dq is not true and a.created < '2019-06-01 00:00:00' and a.id != '3197d065-24c5-46eb-a06e-6b9c715bb64f' and (a.condition = '_feature' or a.condition = '_feature_explain') and (b.mode = 'practice' or b.mode = 'train')
2019.06.28.14.54.06 [info] Executing select a.condition as condition, b.id as id, b.email as email, b.chosen as chosen, b.feedbackus as confidence from exp_demographics as a inner join exp_email as b on a.id = b.id where a.pilot is not true and a.dq is not true and a.created < '2019-06-01 00:00:00' and a.id != '3197d065-24c5-46eb-a06e-6b9c715bb64f' and (a.condition = '_feature' or a.condition = '_feature_explain') and (b.mode = 'practice' or b.mode = 'train')
2019.06.28.14.54.31 [info] Executing select a.condition as condition, b.id as id, b.email as email, b.chosen as chosen, b.feedbackus as confidence from exp_demographics as a inner join exp_email as b on a.id = b.id where a.pilot is not true and a.dq is not true and a.created < '2019-06-01 00:00:00' and a.id != '3197d065-24c5-46eb-a06e-6b9c715bb64f' and (a.condition = '_feature' or a.condition = '_feature_explain') and (b.mode = 'practice' or b.mode = 'train')
2019.06.28.14.57.15 [info] Executing select a.condition as condition, b.id as id, b.email as email, b.chosen as chosen, b.feedbackus as confidence from exp_demographics as a inner join exp_email as b on a.id = b.id where a.pilot is not true and a.dq is not true and a.created < '2019-06-01 00:00:00' and a.id != '3197d065-24c5-46eb-a06e-6b9c715bb64f' and (a.condition = '_feature' or a.condition = '_feature_explain') and (b.mode = 'practice' or b.mode = 'train')
2019.06.28.14.58.20 [info] Executing select a.condition as condition, b.id as id, b.email as email, b.chosen as chosen, b.feedbackus as confidence from exp_demographics as a inner join exp_email as b on a.id = b.id where a.pilot is not true and a.dq is not true and a.created < '2019-06-01 00:00:00' and a.id != '3197d065-24c5-46eb-a06e-6b9c715bb64f' and (a.condition = '_feature' or a.condition = '_feature_explain') and (b.mode = 'practice' or b.mode = 'train')
2019.06.28.14.58.53 [info] Executing select a.condition as condition, b.id as id, b.email as email, b.chosen as chosen, b.feedbackus as confidence from exp_demographics as a inner join exp_email as b on a.id = b.id where a.pilot is not true and a.dq is not true and a.created < '2019-06-01 00:00:00' and a.id != '3197d065-24c5-46eb-a06e-6b9c715bb64f' and (a.condition = '_feature' or a.condition = '_feature_explain') and (b.mode = 'practice' or b.mode = 'train')
2019.06.28.15.01.22 [info] Executing select a.condition as condition, b.id as id, b.email as email, b.chosen as chosen, b.feedbackus as confidence from exp_demographics as a inner join exp_email as b on a.id = b.id where a.pilot is not true and a.dq is not true and a.created < '2019-06-01 00:00:00' and a.id != '3197d065-24c5-46eb-a06e-6b9c715bb64f' and (a.condition = '_feature' or a.condition = '_feature_explain') and (b.mode = 'practice' or b.mode = 'train')
2019.06.28.15.02.10 [info] Executing select a.condition as condition, b.id as id, b.email as email, b.chosen as chosen, b.feedbackus as confidence from exp_demographics as a inner join exp_email as b on a.id = b.id where a.pilot is not true and a.dq is not true and a.created < '2019-06-01 00:00:00' and a.id != '3197d065-24c5-46eb-a06e-6b9c715bb64f' and (a.condition = '_feature' or a.condition = '_feature_explain') and (b.mode = 'practice' or b.mode = 'train')
2019.06.28.15.03.28 [info] Executing select a.condition as condition, b.id as id, b.email as email, b.chosen as chosen, b.feedbackus as confidence from exp_demographics as a inner join exp_email as b on a.id = b.id where a.pilot is not true and a.dq is not true and a.created < '2019-06-01 00:00:00' and a.id != '3197d065-24c5-46eb-a06e-6b9c715bb64f' and (a.condition = '_feature' or a.condition = '_feature_explain') and (b.mode = 'practice' or b.mode = 'train')
2019.06.28.15.04.39 [info] Executing select a.condition as condition, b.id as id, b.email as email, b.chosen as chosen, b.feedbackus as confidence from exp_demographics as a inner join exp_email as b on a.id = b.id where a.pilot is not true and a.dq is not true and a.created < '2019-06-01 00:00:00' and a.id != '3197d065-24c5-46eb-a06e-6b9c715bb64f' and (a.condition = '_feature' or a.condition = '_feature_explain') and (b.mode = 'practice' or b.mode = 'train')
2019.06.28.15.11.00 [info] Executing select a.condition as condition, b.id as id, b.email as email, b.chosen as chosen, b.feedbackus as confidence from exp_demographics as a inner join exp_email as b on a.id = b.id where a.pilot is not true and a.dq is not true and a.created < '2019-06-01 00:00:00' and a.id != '3197d065-24c5-46eb-a06e-6b9c715bb64f' and (a.condition = '_feature' or a.condition = '_feature_explain') and (b.mode = 'practice' or b.mode = 'train')
2019.06.28.15.12.41 [info] Executing select a.condition as condition, b.id as id, b.email as email, b.chosen as chosen, b.feedbackus as confidence from exp_demographics as a inner join exp_email as b on a.id = b.id where a.pilot is not true and a.dq is not true and a.created < '2019-06-01 00:00:00' and a.id != '3197d065-24c5-46eb-a06e-6b9c715bb64f' and (a.condition = '_feature' or a.condition = '_feature_explain') and (b.mode = 'practice' or b.mode = 'train')
2019.06.28.15.13.53 [info] Executing select a.condition as condition, b.id as id, b.email as email, b.chosen as chosen, b.feedbackus as confidence from exp_demographics as a inner join exp_email as b on a.id = b.id where a.pilot is not true and a.dq is not true and a.created < '2019-06-01 00:00:00' and a.id != '3197d065-24c5-46eb-a06e-6b9c715bb64f' and (a.condition = '_feature' or a.condition = '_feature_explain') and (b.mode = 'practice' or b.mode = 'train')
2019.06.28.15.14.32 [info] Executing select a.condition as condition, b.id as id, b.email as email, b.chosen as chosen, b.feedbackus as confidence from exp_demographics as a inner join exp_email as b on a.id = b.id where a.pilot is not true and a.dq is not true and a.created < '2019-06-01 00:00:00' and a.id != '3197d065-24c5-46eb-a06e-6b9c715bb64f' and (a.condition = '_feature' or a.condition = '_feature_explain') and (b.mode = 'practice' or b.mode = 'train')
2019.06.28.15.15.20 [info] Executing select a.condition as condition, b.id as id, b.email as email, b.chosen as chosen, b.feedbackus as confidence from exp_demographics as a inner join exp_email as b on a.id = b.id where a.pilot is not true and a.dq is not true and a.created < '2019-06-01 00:00:00' and a.id != '3197d065-24c5-46eb-a06e-6b9c715bb64f' and (a.condition = '_feature' or a.condition = '_feature_explain') and (b.mode = 'practice' or b.mode = 'train')
2019.06.28.15.31.50 [info] Executing select a.condition as condition, b.id as id, b.email as email, b.chosen as chosen, b.feedbackus as confidence from exp_demographics as a inner join exp_email as b on a.id = b.id where a.pilot is not true and a.dq is not true and a.created < '2019-06-01 00:00:00' and a.id != '3197d065-24c5-46eb-a06e-6b9c715bb64f' and (a.condition = '_feature' or a.condition = '_feature_explain') and (b.mode = 'practice' or b.mode = 'train')
2019.06.28.15.32.08 [info] Executing select a.condition as condition, b.id as id, b.email as email, b.chosen as chosen, b.feedbackus as confidence from exp_demographics as a inner join exp_email as b on a.id = b.id where a.pilot is not true and a.dq is not true and a.created < '2019-06-01 00:00:00' and a.id != '3197d065-24c5-46eb-a06e-6b9c715bb64f' and (a.condition = '_feature' or a.condition = '_feature_explain') and (b.mode = 'practice' or b.mode = 'train')
2019.06.28.15.33.09 [info] Executing select a.condition as condition, b.id as id, b.email as email, b.chosen as chosen, b.feedbackus as confidence from exp_demographics as a inner join exp_email as b on a.id = b.id where a.pilot is not true and a.dq is not true and a.created < '2019-06-01 00:00:00' and a.id != '3197d065-24c5-46eb-a06e-6b9c715bb64f' and (a.condition = '_feature' or a.condition = '_feature_explain') and (b.mode = 'practice' or b.mode = 'train')
2019.06.28.15.33.28 [info] Executing select a.condition as condition, b.id as id, b.email as email, b.chosen as chosen, b.feedbackus as confidence from exp_demographics as a inner join exp_email as b on a.id = b.id where a.pilot is not true and a.dq is not true and a.created < '2019-06-01 00:00:00' and a.id != '3197d065-24c5-46eb-a06e-6b9c715bb64f' and (a.condition = '_feature' or a.condition = '_feature_explain') and (b.mode = 'practice' or b.mode = 'train')
2019.06.28.15.37.28 [info] Executing select a.condition as condition, b.id as id, b.email as email, b.chosen as chosen, b.feedbackus as confidence from exp_demographics as a inner join exp_email as b on a.id = b.id where a.pilot is not true and a.dq is not true and a.created < '2019-06-01 00:00:00' and a.id != '3197d065-24c5-46eb-a06e-6b9c715bb64f' and (a.condition = '_feature' or a.condition = '_feature_explain') and (b.mode = 'practice' or b.mode = 'train')
2019.06.28.15.38.33 [info] Executing select a.condition as condition, b.id as id, b.email as email, b.chosen as chosen, b.feedbackus as confidence from exp_demographics as a inner join exp_email as b on a.id = b.id where a.pilot is not true and a.dq is not true and a.created < '2019-06-01 00:00:00' and a.id != '3197d065-24c5-46eb-a06e-6b9c715bb64f' and (a.condition = '_feature' or a.condition = '_feature_explain') and (b.mode = 'practice' or b.mode = 'train')
2019.06.28.15.56.08 [info] Executing select a.condition as condition, b.id as id, b.email as email, b.chosen as chosen, b.feedbackus as confidence from exp_demographics as a inner join exp_email as b on a.id = b.id where a.pilot is not true and a.dq is not true and a.created < '2019-06-01 00:00:00' and a.id != '3197d065-24c5-46eb-a06e-6b9c715bb64f' and (a.condition = '_feature' or a.condition = '_feature_explain') and (b.mode = 'practice' or b.mode = 'train')
2019.06.28.16.07.45 [info] Executing select a.condition as condition, b.id as id, b.email as email, b.chosen as chosen, b.feedbackus as confidence from exp_demographics as a inner join exp_email as b on a.id = b.id where a.pilot is not true and a.dq is not true and a.created < '2019-06-01 00:00:00' and a.id != '3197d065-24c5-46eb-a06e-6b9c715bb64f' and (a.condition = '_feature' or a.condition = '_feature_explain') and (b.mode = 'practice' or b.mode = 'train')
2019.06.28.16.09.16 [info] Executing select a.condition as condition, b.id as id, b.email as email, b.chosen as chosen, b.feedbackus as confidence from exp_demographics as a inner join exp_email as b on a.id = b.id where a.pilot is not true and a.dq is not true and a.created < '2019-06-01 00:00:00' and a.id != '3197d065-24c5-46eb-a06e-6b9c715bb64f' and (a.condition = '_feature' or a.condition = '_feature_explain') and (b.mode = 'practice' or b.mode = 'train')
2019.06.28.16.10.55 [info] Executing select a.condition as condition, b.id as id, b.email as email, b.chosen as chosen, b.feedbackus as confidence from exp_demographics as a inner join exp_email as b on a.id = b.id where a.pilot is not true and a.dq is not true and a.created < '2019-06-01 00:00:00' and a.id != '3197d065-24c5-46eb-a06e-6b9c715bb64f' and (a.condition = '_feature' or a.condition = '_feature_explain') and (b.mode = 'practice' or b.mode = 'train')
2019.06.28.16.11.41 [info] Executing select a.condition as condition, b.id as id, b.email as email, b.chosen as chosen, b.feedbackus as confidence from exp_demographics as a inner join exp_email as b on a.id = b.id where a.pilot is not true and a.dq is not true and a.created < '2019-06-01 00:00:00' and a.id != '3197d065-24c5-46eb-a06e-6b9c715bb64f' and (a.condition = '_feature' or a.condition = '_feature_explain') and (b.mode = 'practice' or b.mode = 'train')
2019.06.28.16.18.33 [info] Executing select a.condition as condition, b.id as id, b.email as email, b.chosen as chosen, b.feedbackus as confidence from exp_demographics as a inner join exp_email as b on a.id = b.id where a.pilot is not true and a.dq is not true and a.created < '2019-06-01 00:00:00' and a.id != '3197d065-24c5-46eb-a06e-6b9c715bb64f' and (a.condition = '_feature' or a.condition = '_feature_explain') and (b.mode = 'practice' or b.mode = 'train')
2019.06.28.16.19.03 [info] Executing select a.condition as condition, b.id as id, b.email as email, b.chosen as chosen, b.feedbackus as confidence from exp_demographics as a inner join exp_email as b on a.id = b.id where a.pilot is not true and a.dq is not true and a.created < '2019-06-01 00:00:00' and a.id != '3197d065-24c5-46eb-a06e-6b9c715bb64f' and (a.condition = '_feature' or a.condition = '_feature_explain') and (b.mode = 'practice' or b.mode = 'train')
2019.06.28.16.19.52 [info] Executing select a.condition as condition, b.id as id, b.email as email, b.chosen as chosen, b.feedbackus as confidence from exp_demographics as a inner join exp_email as b on a.id = b.id where a.pilot is not true and a.dq is not true and a.created < '2019-06-01 00:00:00' and a.id != '3197d065-24c5-46eb-a06e-6b9c715bb64f' and (a.condition = '_feature' or a.condition = '_feature_explain') and (b.mode = 'practice' or b.mode = 'train')
2019.06.28.16.20.24 [info] Executing select a.condition as condition, b.id as id, b.email as email, b.chosen as chosen, b.feedbackus as confidence from exp_demographics as a inner join exp_email as b on a.id = b.id where a.pilot is not true and a.dq is not true and a.created < '2019-06-01 00:00:00' and a.id != '3197d065-24c5-46eb-a06e-6b9c715bb64f' and (a.condition = '_feature' or a.condition = '_feature_explain') and (b.mode = 'practice' or b.mode = 'train')
2019.06.28.16.25.29 [info] Executing select a.condition as condition, b.email as email, b.chosen as chosen, b.id as id, b.feedbackus as confidence from exp_demographics as a inner join exp_email as b on a.id = b.id where a.pilot is not true and a.dq is not true and a.created < '2019-06-01 00:00:00' and a.id != '3197d065-24c5-46eb-a06e-6b9c715bb64f' and (a.condition = '_feature' or a.condition = '_feature_explain') and (b.mode = 'practice' or b.mode = 'train')
2019.06.28.16.26.47 [info] Executing select a.condition as condition, b.id as id, b.email as email, b.chosen as chosen, b.feedbackus as confidence from exp_demographics as a inner join exp_email as b on a.id = b.id where a.pilot is not true and a.dq is not true and a.created < '2019-06-01 00:00:00' and a.id != '3197d065-24c5-46eb-a06e-6b9c715bb64f' and (a.condition = '_feature' or a.condition = '_feature_explain') and (b.mode = 'practice' or b.mode = 'train')
2019.06.28.16.28.35 [info] Executing select a.condition as condition, b.id as id, b.email as email, b.chosen as chosen, b.feedbackus as confidence from exp_demographics as a inner join exp_email as b on a.id = b.id where a.pilot is not true and a.dq is not true and a.created < '2019-06-01 00:00:00' and a.id != '3197d065-24c5-46eb-a06e-6b9c715bb64f' and (a.condition = '_feature' or a.condition = '_feature_explain') and (b.mode = 'practice' or b.mode = 'train')
2019.06.28.16.29.13 [info] Executing select a.condition as condition, b.id as id, b.email as email, b.chosen as chosen, b.feedbackus as confidence from exp_demographics as a inner join exp_email as b on a.id = b.id where a.pilot is not true and a.dq is not true and a.created < '2019-06-01 00:00:00' and a.id != '3197d065-24c5-46eb-a06e-6b9c715bb64f' and (a.condition = '_feature' or a.condition = '_feature_explain') and (b.mode = 'practice' or b.mode = 'train')
2019.06.28.16.34.40 [info] Executing select a.condition as condition, b.id as id, b.email as email, b.chosen as chosen, b.feedbackus as confidence from exp_demographics as a inner join exp_email as b on a.id = b.id where a.pilot is not true and a.dq is not true and a.created < '2019-06-01 00:00:00' and a.id != '3197d065-24c5-46eb-a06e-6b9c715bb64f' and (a.condition = '_feature' or a.condition = '_feature_explain') and (b.mode = 'practice' or b.mode = 'train')
2019.06.28.16.34.49 [info] Executing select a.condition as condition, b.id as id, b.email as email, b.chosen as chosen, b.feedbackus as confidence from exp_demographics as a inner join exp_email as b on a.id = b.id where a.pilot is not true and a.dq is not true and a.created < '2019-06-01 00:00:00' and a.id != '3197d065-24c5-46eb-a06e-6b9c715bb64f' and (a.condition = '_feature' or a.condition = '_feature_explain') and (b.mode = 'practice' or b.mode = 'train')
2019.06.28.19.26.53 [info] Executing select a.condition as condition, b.email as email, b.chosen as chosen, b.id as id, b.feedbackus as confidence from exp_demographics as a inner join exp_email as b on a.id = b.id where a.pilot is not true and a.dq is not true and a.created < '2019-06-01 00:00:00' and a.id != '3197d065-24c5-46eb-a06e-6b9c715bb64f' and (a.condition = '_feature' or a.condition = '_feature_explain') and (b.mode = 'practice' or b.mode = 'train')
2019.06.28.19.28.53 [info] Executing select a.condition as condition, b.id as id, b.email as email, b.chosen as chosen, b.feedbackus as confidence from exp_demographics as a inner join exp_email as b on a.id = b.id where a.pilot is not true and a.dq is not true and a.created < '2019-06-01 00:00:00' and a.id != '3197d065-24c5-46eb-a06e-6b9c715bb64f' and (a.condition = '_feature' or a.condition = '_feature_explain') and (b.mode = 'practice' or b.mode = 'train')
2019.07.01.10.04.04 [info] Executing select a.condition as condition, b.email as email, b.chosen as chosen, b.id as id, b.feedbackus as confidence from exp_demographics as a inner join exp_email as b on a.id = b.id where a.pilot is not true and a.created < '2019-06-01 00:00:00' and a.id != '3197d065-24c5-46eb-a06e-6b9c715bb64f' and (a.condition = '_feature' or a.condition = '_feature_explain') and (b.mode = 'practice' or b.mode = 'train')
2019.07.01.10.05.30 [info] Executing select a.condition as condition, b.email as email, b.chosen as chosen, b.id as id, b.feedbackus as confidence from exp_demographics as a inner join exp_email as b on a.id = b.id where a.pilot is not true and a.created < '2019-06-01 00:00:00' and a.id != '3197d065-24c5-46eb-a06e-6b9c715bb64f' and (a.condition = '_feature' or a.condition = '_feature_explain') and b.mode = 'train'
2019.07.01.10.08.47 [info] Executing select a.condition as condition, b.id as id, b.email as email, b.chosen as chosen, b.feedbackus as confidence from exp_demographics as a inner join exp_email as b on a.id = b.id where a.pilot is not true and and a.created < '2019-06-01 00:00:00' and a.id != '3197d065-24c5-46eb-a06e-6b9c715bb64f' and (a.condition = '_feature' or a.condition = '_feature_explain') and b.mode = 'train'
2019.07.01.10.09.24 [info] Executing select a.condition as condition, b.id as id, b.email as email, b.chosen as chosen, b.feedbackus as confidence from exp_demographics as a inner join exp_email as b on a.id = b.id where a.pilot is not true and a.created < '2019-06-01 00:00:00' and a.id != '3197d065-24c5-46eb-a06e-6b9c715bb64f' and (a.condition = '_feature' or a.condition = '_feature_explain') and b.mode = 'train'
2019.07.01.10.12.51 [info] Executing select a.condition as condition, b.id as id, b.email as email, b.chosen as chosen, b.feedbackus as confidence from exp_demographics as a inner join exp_email as b on a.id = b.id where a.pilot is not true and a.dq is not true and a.created < '2019-06-01 00:00:00' and a.id != '3197d065-24c5-46eb-a06e-6b9c715bb64f' and (a.condition = '_feature' or a.condition = '_feature_explain') and b.mode = 'train'
2019.07.01.10.15.10 [info] Executing select a.condition as condition, b.id as id, b.email as email, b.chosen as chosen, b.feedbackus as confidence from exp_demographics as a inner join exp_email as b on a.id = b.id where a.pilot is not true and a.created < '2019-06-01 00:00:00' and a.id != '3197d065-24c5-46eb-a06e-6b9c715bb64f' and (a.condition = '_feature' or a.condition = '_feature_explain') and b.mode = 'train'
2019.07.01.13.29.56 [info] Executing select a.condition as condition, b.id as id, b.email as email, b.chosen as chosen, b.feedbackus as confidence from exp_demographics as a inner join exp_email as b on a.id = b.id where a.pilot is not true and a.created < '2019-06-01 00:00:00' and a.id != '3197d065-24c5-46eb-a06e-6b9c715bb64f' and (a.condition = '_feature' or a.condition = '_feature_explain') and b.mode = 'train'
2019.07.01.13.30.45 [info] Executing select a.condition as condition, b.id as id, b.email as email, b.chosen as chosen, b.feedbackus as confidence from exp_demographics as a inner join exp_email as b on a.id = b.id where a.pilot is not true and a.created < '2019-06-01 00:00:00' and a.id != '3197d065-24c5-46eb-a06e-6b9c715bb64f' and (a.condition = '_feature' or a.condition = '_feature_explain') and b.mode = 'train'
2019.07.01.13.31.34 [info] Executing select a.condition as condition, b.id as id, b.email as email, b.chosen as chosen, b.feedbackus as confidence from exp_demographics as a inner join exp_email as b on a.id = b.id where a.pilot is not true and a.created < '2019-06-01 00:00:00' and a.id != '3197d065-24c5-46eb-a06e-6b9c715bb64f' and (a.condition = '_feature' or a.condition = '_feature_explain') and b.mode = 'train'
2019.07.01.14.18.04 [info] Executing select a.condition as condition, b.id as id, b.email as email, b.chosen as chosen, b.feedbackus as confidence from exp_demographics as a inner join exp_email as b on a.id = b.id where a.pilot is not true and a.created < '2019-06-01 00:00:00' and a.id != '3197d065-24c5-46eb-a06e-6b9c715bb64f' and (a.condition = '_feature' or a.condition = '_feature_explain') and b.mode = 'train'
2019.07.01.14.18.26 [info] Executing select a.condition as condition, b.id as id, b.email as email, b.feedbackus as confidence, b.instance as feedback, b.real as real from exp_demographics as a inner join exp_email as b on a.id = b.id where a.pilot is not true and a.created < '2019-06-01 00:00:00' and and (a.condition = '_instance' or a.condition = '_instance_explain') and b.mode = 'train'
2019.07.01.14.18.49 [info] Executing select a.condition as condition, b.id as id, b.email as email, b.feedbackus as confidence, b.instance as feedback, b.real as real from exp_demographics as a inner join exp_email as b on a.id = b.id where a.pilot is not true and a.created < '2019-06-01 00:00:00' and (a.condition = '_instance' or a.condition = '_instance_explain') and b.mode = 'train'
2019.07.01.14.19.09 [info] Executing select a.condition as condition, b.id as id, b.email as email, b.feedbackus as confidence, b.instance as feedback, b.real as real from exp_demographics as a inner join exp_email as b on a.id = b.id where a.pilot is not true and a.created < '2019-06-01 00:00:00' and (a.condition = '_instance' or a.condition = '_instance_explain') and b.mode = 'train'
2019.07.01.14.20.01 [info] Executing select a.condition as condition, b.id as id, b.email as email, b.feedbackus as confidence, b.instance as feedback, b.real as real from exp_demographics as a inner join exp_email as b on a.id = b.id where a.pilot is not true and a.created < '2019-06-01 00:00:00' and (a.condition = '_instance' or a.condition = '_instance_explain') and b.mode = 'train'
2019.07.01.14.20.13 [info] Executing select a.condition as condition, b.id as id, b.email as email, b.feedbackus as confidence, b.instance as feedback, b.real as real from exp_demographics as a inner join exp_email as b on a.id = b.id where a.pilot is not true and a.created < '2019-06-01 00:00:00' and (a.condition = '_instance' or a.condition = '_instance_explain') and b.mode = 'train'
2019.07.01.14.22.27 [info] Executing select a.condition as condition, b.id as id, b.email as email, b.feedbackus as confidence, b.instance as feedback, b.real as real from exp_demographics as a inner join exp_email as b on a.id = b.id where a.pilot is not true and a.created < '2019-06-01 00:00:00' and (a.condition = '_instance' or a.condition = '_instance_explain') and b.mode = 'train'
2019.07.01.14.25.01 [info] Executing select a.condition as condition, b.id as id, b.email as email, b.feedbackus as confidence, b.instance as feedback, b.real as real from exp_demographics as a inner join exp_email as b on a.id = b.id where a.pilot is not true and a.dq is not true and a.created < '2019-06-01 00:00:00' and (a.condition = '_instance' or a.condition = '_instance_explain') and b.mode = 'train'
2019.07.01.14.25.22 [info] Executing select a.condition as condition, b.id as id, b.email as email, b.feedbackus as confidence, b.instance as feedback, b.real as real from exp_demographics as a inner join exp_email as b on a.id = b.id where a.pilot is not true and a.created < '2019-06-01 00:00:00' and (a.condition = '_instance' or a.condition = '_instance_explain') and b.mode = 'train'
2019.07.01.14.34.22 [info] Executing select a.condition as condition, b.id as id, b.email as email, b.feedbackus as confidence, b.instance as feedback, b.real as real from exp_demographics as a inner join exp_email as b on a.id = b.id where a.pilot is not true and a.id != '0ca5f4eb-f780-4cec-a053-c38302b97fd6' and a.created < '2019-06-01 00:00:00' and (a.condition = '_instance' or a.condition = '_instance_explain') and b.mode = 'train'
2019.07.01.14.39.36 [info] Executing select a.condition as condition, b.id as id, b.email as email, b.feedbackus as confidence, b.instance as feedback, b.real as real from exp_demographics as a inner join exp_email as b on a.id = b.id where a.pilot is not true and a.id != '0ca5f4eb-f780-4cec-a053-c38302b97fd6' and a.created < '2019-06-01 00:00:00' and (a.condition = '_instance' or a.condition = '_instance_explain') and b.mode = 'train'
2019.07.01.14.40.26 [info] Executing select a.condition as condition, b.id as id, b.email as email, b.feedbackus as confidence, b.instance as feedback, b.real as real from exp_demographics as a inner join exp_email as b on a.id = b.id where a.pilot is not true and a.id != '0ca5f4eb-f780-4cec-a053-c38302b97fd6' and a.created < '2019-06-01 00:00:00' and (a.condition = '_instance' or a.condition = '_instance_explain') and b.mode = 'train'
2019.07.01.14.43.38 [info] Executing select a.condition as condition, b.id as id, b.email as email, b.feedbackus as confidence, b.instance as feedback, b.real as real from exp_demographics as a inner join exp_email as b on a.id = b.id where a.pilot is not true and a.id != '0ca5f4eb-f780-4cec-a053-c38302b97fd6' and a.created < '2019-06-01 00:00:00' and (a.condition = '_instance' or a.condition = '_instance_explain') and b.mode = 'train'
2019.07.01.14.52.18 [info] Executing select a.condition as condition, b.id as id, b.email as email, b.feedbackus as confidence, b.instance as feedback, b.real as real from exp_demographics as a inner join exp_email as b on a.id = b.id where a.pilot is not true and a.id != '0ca5f4eb-f780-4cec-a053-c38302b97fd6' and a.created < '2019-06-01 00:00:00' and (a.condition = '_instance' or a.condition = '_instance_explain') and b.mode = 'train'
2019.07.01.15.05.51 [info] Executing select a.condition as condition, b.id as id, b.email as email, b.feedbackus as confidence, b.instance as feedback, b.real as real from exp_demographics as a inner join exp_email as b on a.id = b.id where a.pilot is not true and a.id != '0ca5f4eb-f780-4cec-a053-c38302b97fd6' and a.created < '2019-06-01 00:00:00' and (a.condition = '_instance' or a.condition = '_instance_explain') and b.mode = 'train'
2019.07.01.15.06.22 [info] Executing select a.condition as condition, b.id as id, b.email as email, b.feedbackus as confidence, b.instance as feedback, b.real as real from exp_demographics as a inner join exp_email as b on a.id = b.id where a.pilot is not true and a.id != '0ca5f4eb-f780-4cec-a053-c38302b97fd6' and a.created < '2019-06-01 00:00:00' and (a.condition = '_instance' or a.condition = '_instance_explain') and b.mode = 'train'
2019.07.02.09.44.52 [info] Executing select a.condition, a.id, b.email, b.instance, b.real_label, b.real from exp_demographics as a inner join exp_email as b on a.id = b.id where a.pilot is not true and a.created < '2019-06-01 00:00:00' and (a.condition = '_instance' or a.condition = '_instance_explain') and b.mode = 'train'
2019.07.02.09.45.57 [info] Executing select a.condition, a.id, b.email, b.instance, b.real_label, b.real from exp_demographics as a inner join exp_email as b on a.id = b.id where a.pilot is not true and a.created < '2019-06-01 00:00:00' and (a.condition = '_instance' or a.condition = '_instance_explain') and b.mode = 'train'
2019.07.02.09.50.13 [info] Executing select a.condition, a.id, b.email, b.instance, b.real_label, b.real from exp_demographics as a inner join exp_email as b on a.id = b.id where a.pilot is not true and a.created < '2019-06-01 00:00:00' and (a.condition = '_instance' or a.condition = '_instance_explain') and b.mode = 'train'
2019.07.02.09.51.11 [info] Executing select a.condition, a.id, b.email, b.instance, b.real_label, b.real from exp_demographics as a inner join exp_email as b on a.id = b.id where a.pilot is not true and a.created < '2019-06-01 00:00:00' and (a.condition = '_instance' or a.condition = '_instance_explain') and b.mode = 'train'
2019.07.02.09.53.21 [info] Executing select a.condition, a.id, b.email, b.instance, b.real_label, b.real from exp_demographics as a inner join exp_email as b on a.id = b.id where a.pilot is not true and a.created < '2019-06-01 00:00:00' and (a.condition = '_instance' or a.condition = '_instance_explain') and b.mode = 'train'
2019.07.02.09.54.41 [info] Executing select a.condition, a.id, b.email, b.instance, b.real_label, b.real from exp_demographics as a inner join exp_email as b on a.id = b.id where a.pilot is not true and a.created < '2019-06-01 00:00:00' and (a.condition = '_instance' or a.condition = '_instance_explain') and b.mode = 'train'
2019.07.02.09.56.23 [info] Executing select a.condition, a.id, b.email, b.instance, b.real_label, b.real from exp_demographics as a inner join exp_email as b on a.id = b.id where a.pilot is not true and a.created < '2019-06-01 00:00:00' and (a.condition = '_instance' or a.condition = '_instance_explain') and b.mode = 'train'
2019.07.02.09.59.19 [info] Executing select a.condition, a.id, b.email, b.instance, b.real_label, b.real from exp_demographics as a inner join exp_email as b on a.id = b.id where a.pilot is not true and a.created < '2019-06-01 00:00:00' and (a.condition = '_instance' or a.condition = '_instance_explain') and b.mode = 'train'
2019.07.02.10.05.39 [info] Executing select a.condition, a.id, b.email, b.instance, b.real_label, b.real from exp_demographics as a inner join exp_email as b on a.id = b.id where a.pilot is not true and a.created < '2019-06-01 00:00:00' and (a.condition = '_instance' or a.condition = '_instance_explain') and b.mode = 'train'
2019.07.02.10.07.23 [info] Executing select a.condition, a.id, b.email, b.instance, b.real_label, b.real from exp_demographics as a inner join exp_email as b on a.id = b.id where a.pilot is not true and a.created < '2019-06-01 00:00:00' and (a.condition = '_instance' or a.condition = '_instance_explain') and b.mode = 'train'
2019.07.02.11.45.52 [info] Executing select a.condition as condition, b.id as id, b.email as email, b.feedbackus as confidence, b.real from exp_demographics as a inner join exp_email as b on a.id = b.id where a.pilot is not true and a.created < '2019-06-01 00:00:00' and (a.condition = '_explain' or a.condition = '') and a.id != 'ee6e658d-4f0d-4b03-9705-2ec6fba83aa4' and b.mode = 'train'
2019.07.02.11.46.25 [info] Executing select a.condition as condition, b.id as id, b.email as email, b.feedbackus as confidence, b.real from exp_demographics as a inner join exp_email as b on a.id = b.id where a.pilot is not true and a.created < '2019-06-01 00:00:00' and (a.condition = '_explain' or a.condition = '') and a.id != 'ee6e658d-4f0d-4b03-9705-2ec6fba83aa4' and b.mode = 'train'
2019.07.02.12.50.01 [info] Executing select a.condition as condition, b.id as id, b.email as email, b.feedbackus as confidence, b.real from exp_demographics as a inner join exp_email as b on a.id = b.id where a.pilot is not true and a.created < '2019-06-01 00:00:00' and (a.condition = '_explain' or a.condition = '') and a.id != 'ee6e658d-4f0d-4b03-9705-2ec6fba83aa4' and b.mode = 'train'
2019.07.02.12.50.20 [info] Executing select a.condition as condition, b.id as id, b.email as email, b.feedbackus as confidence, b.real from exp_demographics as a inner join exp_email as b on a.id = b.id where a.pilot is not true and a.created < '2019-06-01 00:00:00' and (a.condition = '_explain' or a.condition = '') and a.id != 'ee6e658d-4f0d-4b03-9705-2ec6fba83aa4' and b.mode = 'train'
2019.07.02.16.58.25 [info] Executing select a.condition as condition, b.id as id, b.email as email, b.feedbackus as confidence, b.real from exp_demographics as a inner join exp_email as b on a.id = b.id where a.pilot is not true and a.created < '2019-06-01 00:00:00' and (a.condition = '_explain' or a.condition = '') and a.id != 'ee6e658d-4f0d-4b03-9705-2ec6fba83aa4' and b.mode = 'train'
2019.08.13.10.50.18 [info] Executing select a.condition, b.how_decide, c.accuracy_standard_why, c.frustration_why, c.trust_why, c.recommend_why, c.feedback_importance_why, c.overall, d.learn_why, d.perf_why from exp_demographics as a inner join exp_openq1 as b on a.id = b.id inner join exp_openq2 as c on b.id = c.id inner join exp_openq3 as d where a.pilot is true
2019.08.13.10.50.18 [info] Executing select a.condition, b.perceived_accuracy, b.understanding, c.accuracy_standard, c.frustration, c.trust, c.recommend c.feedback_importance, d.learn, d.perf from exp_demographics as a inner join exp_openq1 as b on a.id = b.id inner join exp_openq2 as c inner join exp_openq3 as d where a.pilot is true order by a.condition
2019.08.13.10.51.16 [info] Executing select a.condition, b.how_decide, c.accuracy_standard_why, c.frustration_why, c.trust_why, c.recommend_why, c.feedback_importance_why, c.overall, d.learn_why, d.perf_why from exp_demographics as a inner join exp_openq1 as b on a.id = b.id inner join exp_openq2 as c on b.id = c.id inner join exp_openq3 as d on c.id = d.id where a.pilot is true
2019.08.13.10.51.16 [info] Executing select a.condition, b.perceived_accuracy, b.understanding, c.accuracy_standard, c.frustration, c.trust, c.recommend c.feedback_importance, d.learn, d.perf from exp_demographics as a inner join exp_openq1 as b on a.id = b.id inner join exp_openq2 as c inner join exp_openq3 as d where a.pilot is true order by a.condition
2019.08.13.10.51.49 [info] Executing select a.condition, b.how_decide, c.accuracy_standard_why, c.frustration_why, c.trust_why, c.recommend_why, c.feedback_importance_why, c.overall, d.learn_why, d.perf_why from exp_demographics as a inner join exp_openq1 as b on a.id = b.id inner join exp_openq2 as c on b.id = c.id inner join exp_openq3 as d on c.id = d.id where a.pilot is true
2019.08.13.10.51.49 [info] Executing select a.condition, b.perceived_accuracy, b.understanding, c.accuracy_standard, c.frustration, c.trust, c.recommend c.feedback_importance, d.learn, d.perf from exp_demographics as a inner join exp_openq1 as b on a.id = b.id inner join exp_openq2 as c on b.id = c.id inner join exp_openq3 as d on c.id = d.id where a.pilot is true order by a.condition
2019.08.13.10.52.40 [info] Executing select a.condition, b.how_decide, c.accuracy_standard_why, c.frustration_why, c.trust_why, c.recommend_why, c.feedback_importance_why, c.overall, d.learn_why, d.perf_why from exp_demographics as a inner join exp_openq1 as b on a.id = b.id inner join exp_openq2 as c on b.id = c.id inner join exp_openq3 as d on c.id = d.id where a.pilot is true
2019.08.13.10.52.40 [info] Executing select a.condition, b.perceived_accuracy, b.understanding, c.accuracy_standard, c.frustration, c.trust, c.recommend c.feedback_importance, d.learn, d.perf from exp_demographics as a inner join exp_openq1 as b on a.id = b.id inner join exp_openq2 as c on b.id = c.id inner join exp_openq3 as d on c.id = d.id where a.pilot is true
2019.08.13.10.54.55 [info] Executing select a.condition, b.how_decide, c.accuracy_standard_why, c.frustration_why, c.trust_why, c.recommend_why, c.feedback_importance_why, c.overall, d.learn_why, d.perf_why from exp_demographics as a inner join exp_openq1 as b on a.id = b.id inner join exp_openq2 as c on b.id = c.id inner join exp_openq3 as d on c.id = d.id where a.pilot is true
2019.08.13.10.54.55 [info] Executing select a.condition, b.perceived_accuracy, b.understanding, c.accuracy_standard, c.frustration, c.trust, c.recommend, c.feedback_importance, d.learn, d.perf from exp_demographics as a inner join exp_openq1 as b on a.id = b.id inner join exp_openq2 as c on b.id = c.id inner join exp_openq3 as d on c.id = d.id where a.pilot is true order by a.condition
2019.08.13.10.55.55 [info] Executing select a.condition, b.how_decide, c.accuracy_standard_why, c.frustration_why, c.trust_why, c.recommend_why, c.feedback_importance_why, c.overall, d.learn_why, d.perf_why from exp_demographics as a inner join exp_openq1 as b on a.id = b.id inner join exp_openq2 as c on b.id = c.id inner join exp_openq3 as d on c.id = d.id where a.pilot is true
2019.08.13.10.55.56 [info] Executing select a.condition, b.perceived_accuracy, b.understanding, c.accuracy_standard, c.frustration, c.trust, c.recommend, c.feedback_importance, d.learn, d.perf from exp_demographics as a inner join exp_openq1 as b on a.id = b.id inner join exp_openq2 as c on b.id = c.id inner join exp_openq3 as d on c.id = d.id where a.pilot is true order by a.condition
2019.08.13.11.00.48 [info] Executing select a.condition, b.how_decide, c.accuracy_standard_why, c.frustration_why, c.trust_why, c.recommend_why, c.feedback_importance_why, c.overall, d.learn_why, d.perf_why from exp_demographics as a inner join exp_openq1 as b on a.id = b.id inner join exp_openq2 as c on b.id = c.id inner join exp_openq3 as d on c.id = d.id where a.pilot is true
2019.08.13.11.00.48 [info] Executing select a.condition, b.perceived_accuracy, b.understanding, c.accuracy_standard, c.frustration, c.trust, c.recommend, c.feedback_importance, d.learn, d.perf from exp_demographics as a inner join exp_openq1 as b on a.id = b.id inner join exp_openq2 as c on b.id = c.id inner join exp_openq3 as d on c.id = d.id where a.pilot is true order by a.condition
2019.08.13.11.04.47 [info] Executing select a.condition, b.how_decide, c.accuracy_standard_why, c.frustration_why, c.trust_why, c.recommend_why, c.feedback_importance_why, c.overall, d.learn_why, d.perf_why from exp_demographics as a inner join exp_openq1 as b on a.id = b.id inner join exp_openq2 as c on b.id = c.id inner join exp_openq3 as d on c.id = d.id where a.pilot is true
2019.08.13.11.04.47 [info] Executing select a.condition, b.perceived_accuracy, b.understanding, c.accuracy_standard, c.frustration, c.trust, c.recommend, c.feedback_importance, d.learn, d.perf from exp_demographics as a inner join exp_openq1 as b on a.id = b.id inner join exp_openq2 as c on b.id = c.id inner join exp_openq3 as d on c.id = d.id where a.pilot is true order by a.condition
2019.08.13.11.12.35 [info] Executing select a.condition, b.how_decide, c.accuracy_standard_why, c.frustration_why, c.trust_why, c.recommend_why, c.feedback_importance_why, c.overall, d.learn_why, d.perf_why from exp_demographics as a inner join exp_openq1 as b on a.id = b.id inner join exp_openq2 as c on b.id = c.id inner join exp_openq3 as d on c.id = d.id where a.pilot is true
2019.08.13.11.12.35 [info] Executing select a.condition, b.perceived_accuracy, b.understanding, c.accuracy_standard, c.frustration, c.trust, c.recommend, c.feedback_importance, d.learn, d.perf from exp_demographics as a inner join exp_openq1 as b on a.id = b.id inner join exp_openq2 as c on b.id = c.id inner join exp_openq3 as d on c.id = d.id where a.pilot is true order by a.condition
2019.08.13.11.12.35 [info] Executing select a.id, a.how_decide, b.accuracy_standard_why, b.frustration_why, b.trust_why, b.recommend_why, b.feedback_importance_why, b.overall, c.learn_why, c.perf_why from exp_openq1 as a inner join exp_openq2 as b on a.id = b.id inner join exp_openq3 as c on b.id = c.id where a.pilot is true
2019.08.13.11.13.21 [info] Executing select a.condition, b.how_decide, c.accuracy_standard_why, c.frustration_why, c.trust_why, c.recommend_why, c.feedback_importance_why, c.overall, d.learn_why, d.perf_why from exp_demographics as a inner join exp_openq1 as b on a.id = b.id inner join exp_openq2 as c on b.id = c.id inner join exp_openq3 as d on c.id = d.id where a.pilot is true
2019.08.13.11.13.21 [info] Executing select a.condition, b.perceived_accuracy, b.understanding, c.accuracy_standard, c.frustration, c.trust, c.recommend, c.feedback_importance, d.learn, d.perf from exp_demographics as a inner join exp_openq1 as b on a.id = b.id inner join exp_openq2 as c on b.id = c.id inner join exp_openq3 as d on c.id = d.id where a.pilot is true order by a.condition
2019.08.13.11.13.22 [info] Executing select a.id, a.how_decide, b.accuracy_standard_why, b.frustration_why, b.trust_why, b.recommend_why, b.feedback_importance_why, b.overall, c.learn_why, c.perf_why from exp_openq1 as a inner join exp_openq2 as b on a.id = b.id inner join exp_openq3 as c on b.id = c.id inner join exp_demographics as d where d.pilot is true
2019.08.13.11.13.44 [info] Executing select a.condition, b.how_decide, c.accuracy_standard_why, c.frustration_why, c.trust_why, c.recommend_why, c.feedback_importance_why, c.overall, d.learn_why, d.perf_why from exp_demographics as a inner join exp_openq1 as b on a.id = b.id inner join exp_openq2 as c on b.id = c.id inner join exp_openq3 as d on c.id = d.id where a.pilot is true
2019.08.13.11.13.44 [info] Executing select a.condition, b.perceived_accuracy, b.understanding, c.accuracy_standard, c.frustration, c.trust, c.recommend, c.feedback_importance, d.learn, d.perf from exp_demographics as a inner join exp_openq1 as b on a.id = b.id inner join exp_openq2 as c on b.id = c.id inner join exp_openq3 as d on c.id = d.id where a.pilot is true order by a.condition
2019.08.13.11.13.45 [info] Executing select a.id, a.how_decide, b.accuracy_standard_why, b.frustration_why, b.trust_why, b.recommend_why, b.feedback_importance_why, b.overall, c.learn_why, c.perf_why from exp_openq1 as a inner join exp_openq2 as b on a.id = b.id inner join exp_openq3 as c on b.id = c.id inner join exp_demographics as d on c.id = d.id where d.pilot is true
2019.08.13.11.17.28 [info] Executing select a.condition, b.how_decide, c.accuracy_standard_why, c.frustration_why, c.trust_why, c.recommend_why, c.feedback_importance_why, c.overall, d.learn_why, d.perf_why from exp_demographics as a inner join exp_openq1 as b on a.id = b.id inner join exp_openq2 as c on b.id = c.id inner join exp_openq3 as d on c.id = d.id where a.pilot is true
2019.08.13.11.17.28 [info] Executing select a.condition, b.perceived_accuracy, b.understanding, c.accuracy_standard, c.frustration, c.trust, c.recommend, c.feedback_importance, d.learn, d.perf from exp_demographics as a inner join exp_openq1 as b on a.id = b.id inner join exp_openq2 as c on b.id = c.id inner join exp_openq3 as d on c.id = d.id where a.pilot is true order by a.condition
2019.08.13.11.17.28 [info] Executing select a.id, a.how_decide, b.accuracy_standard_why, b.frustration_why, b.trust_why, b.recommend_why, b.feedback_importance_why, b.overall, c.learn_why, c.perf_why from exp_openq1 as a inner join exp_openq2 as b on a.id = b.id inner join exp_openq3 as c on b.id = c.id inner join exp_demographics as d on c.id = d.id where d.pilot is true
2019.08.13.11.17.57 [info] Executing select a.condition, b.how_decide, c.accuracy_standard_why, c.frustration_why, c.trust_why, c.recommend_why, c.feedback_importance_why, c.overall, d.learn_why, d.perf_why from exp_demographics as a inner join exp_openq1 as b on a.id = b.id inner join exp_openq2 as c on b.id = c.id inner join exp_openq3 as d on c.id = d.id where a.pilot is true
2019.08.13.11.17.57 [info] Executing select a.condition, b.perceived_accuracy, b.understanding, c.accuracy_standard, c.frustration, c.trust, c.recommend, c.feedback_importance, d.learn, d.perf from exp_demographics as a inner join exp_openq1 as b on a.id = b.id inner join exp_openq2 as c on b.id = c.id inner join exp_openq3 as d on c.id = d.id where a.pilot is true order by a.condition
2019.08.13.11.17.57 [info] Executing select a.id, a.how_decide, b.accuracy_standard_why, b.frustration_why, b.trust_why, b.recommend_why, b.feedback_importance_why, b.overall, c.learn_why, c.perf_why from exp_openq1 as a inner join exp_openq2 as b on a.id = b.id inner join exp_openq3 as c on b.id = c.id inner join exp_demographics as d on c.id = d.id where d.pilot is true
2019.08.14.11.30.38 [info] Executing select a.condition, b.how_decide, c.accuracy_standard_why, c.frustration_why, c.trust_why, c.recommend_why, c.feedback_importance_why, c.overall, d.learn_why, d.perf_why from exp_demographics as a inner join exp_openq1 as b on a.id = b.id inner join exp_openq2 as c on b.id = c.id inner join exp_openq3 as d on c.id = d.id where a.pilot is true
2019.08.14.11.30.38 [info] Executing select a.condition, b.perceived_accuracy, b.understanding, c.accuracy_standard, c.frustration, c.trust, c.recommend, c.feedback_importance, d.learn, d.perf from exp_demographics as a inner join exp_openq1 as b on a.id = b.id inner join exp_openq2 as c on b.id = c.id inner join exp_openq3 as d on c.id = d.id where a.pilot is true order by a.condition
2019.08.14.11.31.17 [info] Executing select a.condition, b.how_decide, c.accuracy_standard_why, c.frustration_why, c.trust_why, c.recommend_why, c.feedback_importance_why, c.overall, d.learn_why, d.perf_why from exp_demographics as a inner join exp_openq1 as b on a.id = b.id inner join exp_openq2 as c on b.id = c.id inner join exp_openq3 as d on c.id = d.id where a.pilot is true
2019.08.14.11.31.17 [info] Executing select a.condition, b.perceived_accuracy, b.understanding, c.accuracy_standard, c.frustration, c.trust, c.recommend, c.feedback_importance, d.learn, d.perf from exp_demographics as a inner join exp_openq1 as b on a.id = b.id inner join exp_openq2 as c on b.id = c.id inner join exp_openq3 as d on c.id = d.id where a.pilot is true order by a.condition
2019.08.14.11.31.17 [info] Executing select a.id, a.how_decide, b.accuracy_standard_why, b.frustration_why, b.trust_why, b.recommend_why, b.feedback_importance_why, b.overall, c.learn_why, c.perf_why from exp_openq1 as a inner join exp_openq2 as b on a.id = b.id inner join exp_openq3 as c on b.id = c.id inner join exp_demographics as d on c.id = d.id where d.pilot is true
2019.08.14.11.31.18 [info] Executing select a.condition as condition, b.id as id, b.email as email, b.chosen as chosen, b.feedbackus as confidence, b.instance as instance from exp_demographics as a inner join exp_email as b on a.id = b.id where a.pilot is true and a.created > '2019-08-12 00:00:00' and (a.condition = '_feature' or a.condition = '_feature_explain') and b.mode = 'train'
2019.08.14.11.32.53 [info] Executing select a.condition, b.how_decide, c.accuracy_standard_why, c.frustration_why, c.trust_why, c.recommend_why, c.feedback_importance_why, c.overall, d.learn_why, d.perf_why from exp_demographics as a inner join exp_openq1 as b on a.id = b.id inner join exp_openq2 as c on b.id = c.id inner join exp_openq3 as d on c.id = d.id where a.pilot is true
2019.08.14.11.32.53 [info] Executing select a.condition, b.perceived_accuracy, b.understanding, c.accuracy_standard, c.frustration, c.trust, c.recommend, c.feedback_importance, d.learn, d.perf from exp_demographics as a inner join exp_openq1 as b on a.id = b.id inner join exp_openq2 as c on b.id = c.id inner join exp_openq3 as d on c.id = d.id where a.pilot is true order by a.condition
2019.08.14.11.32.53 [info] Executing select a.id, a.how_decide, b.accuracy_standard_why, b.frustration_why, b.trust_why, b.recommend_why, b.feedback_importance_why, b.overall, c.learn_why, c.perf_why from exp_openq1 as a inner join exp_openq2 as b on a.id = b.id inner join exp_openq3 as c on b.id = c.id inner join exp_demographics as d on c.id = d.id where d.pilot is true
2019.08.14.11.32.53 [info] Executing select a.condition as condition, b.id as id, b.email as email, b.chosen as chosen, b.feedbackus as confidence, b.instance as instance from exp_demographics as a inner join exp_email as b on a.id = b.id where a.pilot is true and a.created > '2019-08-12 00:00:00' and (a.condition = '_feature' or a.condition = '_feature_explain') and b.mode = 'train'
2019.08.14.11.36.40 [info] Executing select a.condition, b.how_decide, c.accuracy_standard_why, c.frustration_why, c.trust_why, c.recommend_why, c.feedback_importance_why, c.overall, d.learn_why, d.perf_why from exp_demographics as a inner join exp_openq1 as b on a.id = b.id inner join exp_openq2 as c on b.id = c.id inner join exp_openq3 as d on c.id = d.id where a.pilot is true
2019.08.14.11.36.40 [info] Executing select a.condition, b.perceived_accuracy, b.understanding, c.accuracy_standard, c.frustration, c.trust, c.recommend, c.feedback_importance, d.learn, d.perf from exp_demographics as a inner join exp_openq1 as b on a.id = b.id inner join exp_openq2 as c on b.id = c.id inner join exp_openq3 as d on c.id = d.id where a.pilot is true order by a.condition
2019.08.14.11.36.41 [info] Executing select a.id, a.how_decide, b.accuracy_standard_why, b.frustration_why, b.trust_why, b.recommend_why, b.feedback_importance_why, b.overall, c.learn_why, c.perf_why from exp_openq1 as a inner join exp_openq2 as b on a.id = b.id inner join exp_openq3 as c on b.id = c.id inner join exp_demographics as d on c.id = d.id where d.pilot is true
2019.08.14.11.36.41 [info] Executing select a.condition as condition, b.id as id, b.email as email, b.chosen as chosen, b.feedbackus as confidence, b.instance as instance from exp_demographics as a inner join exp_email as b on a.id = b.id where a.pilot is true and a.created > '2019-08-12 00:00:00' and (a.condition = '_feature' or a.condition = '_feature_explain') and b.mode = 'train'
2019.08.14.12.07.39 [info] Executing select a.condition as condition, b.id as id, b.email as email, b.chosen as chosen, b.feedbackus as confidence, b.instance as instance from exp_demographics as a inner join exp_email as b on a.id = b.id where a.pilot is true and a.created > '2019-08-12 00:00:00' and (a.condition = '_feature' or a.condition = '_feature_explain') and b.mode = 'train'
2019.08.14.12.07.39 [info] Executing select a.condition as condition, b.id as id, b.email as email, b.feedbackus as confidence, b.instance as feedback, b.real as real from exp_demographics as a inner join exp_email as b on a.id = b.id where a.pilot is true and a.created > '2019-08-12 00:00:00' and (a.condition = '_instance' or a.condition = '_instance_explain') and b.mode = 'train'
2019.08.14.12.07.39 [info] Executing select a.condition as condition, b.id as id, b.email as email, b.feedbackus as confidence, b.real from exp_demographics as a inner join exp_email as b on a.id = b.id where a.pilot is true and a.created > '2019-08-12 00:00:00' and (a.condition = '_explain' or a.condition = '') and b.mode = 'train'
2019.08.14.12.08.08 [info] Executing select a.condition as condition, b.id as id, b.email as email, b.chosen as chosen, b.feedbackus as confidence, b.instance as instance from exp_demographics as a inner join exp_email as b on a.id = b.id where a.pilot is true and a.created > '2019-08-12 00:00:00' and (a.condition = '_feature' or a.condition = '_feature_explain') and b.mode = 'train'
2019.08.14.12.08.08 [info] Executing select a.condition as condition, b.id as id, b.email as email, b.feedbackus as confidence, b.instance as feedback, b.real as real from exp_demographics as a inner join exp_email as b on a.id = b.id where a.pilot is true and a.created > '2019-08-12 00:00:00' and (a.condition = '_instance' or a.condition = '_instance_explain') and b.mode = 'train'
2019.08.14.12.08.08 [info] Executing select a.condition as condition, b.id as id, b.email as email, b.feedbackus as confidence, b.real from exp_demographics as a inner join exp_email as b on a.id = b.id where a.pilot is true and a.created > '2019-08-12 00:00:00' and (a.condition = '_explain' or a.condition = '') and b.mode = 'train'
2019.08.14.12.17.19 [info] Executing select a.condition as condition, b.id as id, b.email as email, b.chosen as chosen, b.feedbackus as confidence, b.instance as instance from exp_demographics as a inner join exp_email as b on a.id = b.id where a.pilot is true and a.created > '2019-08-12 00:00:00' and (a.condition = '_feature' or a.condition = '_feature_explain') and b.mode = 'train' and (a.id = '7a7e0083-4f9c-40a9-9eb7-f34a1726de7a' or a.id = '478dbbbc-a154-4014-a154-6492f0e40fa2' or a.id = '0ce18d0a-6c6b-415b-bcc2-884b0235f7c1')
2019.08.14.12.17.19 [info] Executing select a.condition as condition, b.id as id, b.email as email, b.feedbackus as confidence, b.instance as feedback, b.real as real from exp_demographics as a inner join exp_email as b on a.id = b.id where a.pilot is true and a.created > '2019-08-12 00:00:00' and (a.condition = '_instance' or a.condition = '_instance_explain') and b.mode = 'train'
2019.08.14.12.17.19 [info] Executing select a.condition as condition, b.id as id, b.email as email, b.feedbackus as confidence, b.real from exp_demographics as a inner join exp_email as b on a.id = b.id where a.pilot is true and a.created > '2019-08-12 00:00:00' and (a.condition = '_explain' or a.condition = '') and b.mode = 'train'
2019.08.14.12.30.49 [info] Executing select a.condition as condition, b.id as id, b.email as email, b.chosen as chosen, b.feedbackus as confidence, b.instance as instance from exp_demographics as a inner join exp_email as b on a.id = b.id where a.pilot is true and a.created > '2019-08-12 00:00:00' and (a.condition = '_feature' or a.condition = '_feature_explain') and b.mode = 'train' and (a.id = '7a7e0083-4f9c-40a9-9eb7-f34a1726de7a' or a.id = '478dbbbc-a154-4014-a154-6492f0e40fa2' or a.id = '0ce18d0a-6c6b-415b-bcc2-884b0235f7c1')
2019.08.14.12.30.49 [info] Executing select a.condition as condition, b.id as id, b.email as email, b.feedbackus as confidence, b.instance as feedback, b.real as real from exp_demographics as a inner join exp_email as b on a.id = b.id where a.pilot is true and a.created > '2019-08-12 00:00:00' and (a.condition = '_instance' or a.condition = '_instance_explain') and b.mode = 'train'
2019.08.14.12.30.49 [info] Executing select a.condition as condition, b.id as id, b.email as email, b.feedbackus as confidence, b.real from exp_demographics as a inner join exp_email as b on a.id = b.id where a.pilot is true and a.created > '2019-08-12 00:00:00' and (a.condition = '_explain' or a.condition = '') and b.mode = 'train'
2019.08.14.12.41.13 [info] Executing select a.condition as condition, b.id as id, b.email as email, b.chosen as chosen, b.feedbackus as confidence, b.instance as instance from exp_demographics as a inner join exp_email as b on a.id = b.id where a.pilot is true and a.created > '2019-08-12 00:00:00' and (a.condition = '_feature' or a.condition = '_feature_explain') and b.mode = 'train' and (a.id = '7a7e0083-4f9c-40a9-9eb7-f34a1726de7a' or a.id = '478dbbbc-a154-4014-a154-6492f0e40fa2' or a.id = '0ce18d0a-6c6b-415b-bcc2-884b0235f7c1')
2019.08.14.12.41.13 [info] Executing select a.condition as condition, b.id as id, b.email as email, b.feedbackus as confidence, b.instance as feedback, b.real as real from exp_demographics as a inner join exp_email as b on a.id = b.id where a.pilot is true and a.created > '2019-08-12 00:00:00' and (a.condition = '_instance' or a.condition = '_instance_explain') and b.mode = 'train'
2019.08.14.12.41.13 [info] Executing select a.condition as condition, b.id as id, b.email as email, b.feedbackus as confidence, b.real from exp_demographics as a inner join exp_email as b on a.id = b.id where a.pilot is true and a.created > '2019-08-12 00:00:00' and (a.condition = '_explain' or a.condition = '') and b.mode = 'train'
2019.08.14.12.46.24 [info] Executing select a.condition as condition, b.id as id, b.email as email, b.chosen as chosen, b.feedbackus as confidence, b.instance as instance from exp_demographics as a inner join exp_email as b on a.id = b.id where a.pilot is true and a.created > '2019-08-12 00:00:00' and (a.condition = '_feature' or a.condition = '_feature_explain') and b.mode = 'train' and (a.id = '7a7e0083-4f9c-40a9-9eb7-f34a1726de7a' or a.id = '478dbbbc-a154-4014-a154-6492f0e40fa2' or a.id = '0ce18d0a-6c6b-415b-bcc2-884b0235f7c1')
2019.08.14.12.46.24 [info] Executing select a.condition as condition, b.id as id, b.email as email, b.feedbackus as confidence, b.instance as feedback, b.real as real from exp_demographics as a inner join exp_email as b on a.id = b.id where a.pilot is true and a.created > '2019-08-12 00:00:00' and (a.condition = '_instance' or a.condition = '_instance_explain') and b.mode = 'train'
2019.08.14.12.46.24 [info] Executing select a.condition as condition, b.id as id, b.email as email, b.feedbackus as confidence, b.real from exp_demographics as a inner join exp_email as b on a.id = b.id where a.pilot is true and a.created > '2019-08-12 00:00:00' and (a.condition = '_explain' or a.condition = '') and b.mode = 'train'
2019.08.14.12.51.56 [info] Executing select a.condition as condition, b.id as id, b.email as email, b.chosen as chosen, b.feedbackus as confidence, b.instance as instance from exp_demographics as a inner join exp_email as b on a.id = b.id where a.pilot is true and a.created > '2019-08-12 00:00:00' and (a.condition = '_feature' or a.condition = '_feature_explain') and b.mode = 'train' and (a.id = '7a7e0083-4f9c-40a9-9eb7-f34a1726de7a' or a.id = '478dbbbc-a154-4014-a154-6492f0e40fa2' or a.id = '0ce18d0a-6c6b-415b-bcc2-884b0235f7c1')
2019.08.14.12.51.56 [info] Executing select a.condition as condition, b.id as id, b.email as email, b.feedbackus as confidence, b.instance as feedback, b.real as real from exp_demographics as a inner join exp_email as b on a.id = b.id where a.pilot is true and a.created > '2019-08-12 00:00:00' and (a.condition = '_instance' or a.condition = '_instance_explain') and b.mode = 'train'
2019.08.14.12.51.56 [info] Executing select a.condition as condition, b.id as id, b.email as email, b.feedbackus as confidence, b.real from exp_demographics as a inner join exp_email as b on a.id = b.id where a.pilot is true and a.created > '2019-08-12 00:00:00' and (a.condition = '_explain' or a.condition = '') and b.mode = 'train'
2019.08.14.12.52.34 [info] Executing select a.condition as condition, b.id as id, b.email as email, b.chosen as chosen, b.feedbackus as confidence, b.instance as instance from exp_demographics as a inner join exp_email as b on a.id = b.id where a.pilot is true and a.created > '2019-08-12 00:00:00' and (a.condition = '_feature' or a.condition = '_feature_explain') and b.mode = 'train' and (a.id = '7a7e0083-4f9c-40a9-9eb7-f34a1726de7a' or a.id = '478dbbbc-a154-4014-a154-6492f0e40fa2' or a.id = '0ce18d0a-6c6b-415b-bcc2-884b0235f7c1')
2019.08.14.12.52.34 [info] Executing select a.condition as condition, b.id as id, b.email as email, b.feedbackus as confidence, b.instance as feedback, b.real as real from exp_demographics as a inner join exp_email as b on a.id = b.id where a.pilot is true and a.created > '2019-08-12 00:00:00' and (a.condition = '_instance' or a.condition = '_instance_explain') and b.mode = 'train'
2019.08.14.12.52.34 [info] Executing select a.condition as condition, b.id as id, b.email as email, b.feedbackus as confidence, b.real from exp_demographics as a inner join exp_email as b on a.id = b.id where a.pilot is true and a.created > '2019-08-12 00:00:00' and (a.condition = '_explain' or a.condition = '') and b.mode = 'train'
2019.08.14.12.55.01 [info] Executing select a.condition as condition, b.id as id, b.email as email, b.chosen as chosen, b.feedbackus as confidence, b.instance as instance from exp_demographics as a inner join exp_email as b on a.id = b.id where a.pilot is true and a.created > '2019-08-12 00:00:00' and (a.condition = '_feature' or a.condition = '_feature_explain') and b.mode = 'train' and (a.id = '7a7e0083-4f9c-40a9-9eb7-f34a1726de7a' or a.id = '478dbbbc-a154-4014-a154-6492f0e40fa2' or a.id = '0ce18d0a-6c6b-415b-bcc2-884b0235f7c1')
2019.08.14.12.56.32 [info] Executing select a.condition as condition, b.id as id, b.email as email, b.chosen as chosen, b.feedbackus as confidence, b.instance as instance from exp_demographics as a inner join exp_email as b on a.id = b.id where a.pilot is true and a.created > '2019-08-12 00:00:00' and (a.condition = '_feature' or a.condition = '_feature_explain') and b.mode = 'train' and (a.id = '7a7e0083-4f9c-40a9-9eb7-f34a1726de7a' or a.id = '478dbbbc-a154-4014-a154-6492f0e40fa2' or a.id = '0ce18d0a-6c6b-415b-bcc2-884b0235f7c1')
2019.08.14.12.56.32 [info] Executing select a.condition as condition, b.id as id, b.email as email, b.feedbackus as confidence, b.instance as feedback, b.real as real from exp_demographics as a inner join exp_email as b on a.id = b.id where a.pilot is true and a.created > '2019-08-12 00:00:00' and (a.condition = '_instance' or a.condition = '_instance_explain') and b.mode = 'train'
2019.08.14.12.56.32 [info] Executing select a.condition as condition, b.id as id, b.email as email, b.feedbackus as confidence, b.real from exp_demographics as a inner join exp_email as b on a.id = b.id where a.pilot is true and a.created > '2019-08-12 00:00:00' and (a.condition = '_explain' or a.condition = '') and b.mode = 'train'
2019.08.14.13.05.38 [info] Executing select a.condition as condition, b.id as id, b.email as email, b.chosen as chosen, b.feedbackus as confidence, b.instance as instance from exp_demographics as a inner join exp_email as b on a.id = b.id where a.pilot is true and a.created > '2019-08-12 00:00:00' and (a.condition = '_feature' or a.condition = '_feature_explain') and b.mode = 'train' and (a.id = '7a7e0083-4f9c-40a9-9eb7-f34a1726de7a' or a.id = '478dbbbc-a154-4014-a154-6492f0e40fa2' or a.id = '0ce18d0a-6c6b-415b-bcc2-884b0235f7c1')
2019.08.14.13.05.39 [info] Executing select a.condition as condition, b.id as id, b.email as email, b.feedbackus as confidence, b.instance as feedback, b.real as real from exp_demographics as a inner join exp_email as b on a.id = b.id where a.pilot is true and a.created > '2019-08-12 00:00:00' and (a.condition = '_instance' or a.condition = '_instance_explain') and b.mode = 'train'
2019.08.14.13.05.39 [info] Executing select a.condition as condition, b.id as id, b.email as email, b.feedbackus as confidence, b.real from exp_demographics as a inner join exp_email as b on a.id = b.id where a.pilot is not true and a.created > '2019-08-12 00:00:00' and (a.condition = '_explain' or a.condition = '') and b.mode = 'train'
